Arguments: 
  C:\Program Files\nodejs\node.exe C:\Users\nesto\AppData\Roaming\npm\node_modules\yarn\bin\yarn.js start

PATH: 
  C:\Program Files\Common Files\Oracle\Java\javapath;C:\Program Files (x86)\NVIDIA Corporation\PhysX\Common;C:\WINDOWS\system32;C:\WINDOWS;C:\WINDOWS\System32\Wbem;C:\WINDOWS\System32\WindowsPowerShell\v1.0\;C:\WINDOWS\System32\OpenSSH\;C:\Program Files\SafeNet\Authentication\SAC\x64;C:\Program Files\SafeNet\Authentication\SAC\x32;C:\Program Files (x86)\Bitvise SSH Client;C:\Program Files\PuTTY\;C:\Program Files\Java\jdk1.8.0_191\bin;D:\Respaldos del Sistema\Escritorio\jd\juan servers\apache-maven-3.2.5\bin;C:\Program Files\Docker\Docker\resources\bin;C:\ProgramData\DockerDesktop\version-bin;C:\Program Files\Git\cmd;C:\Program Files (x86)\Brackets\command;C:\Program Files\Go\bin;C:\Program Files\nodejs\;C:\Program Files\GitHub CLI\;C:\Program Files\Amazon\AWSCLIV2\;C:\Users\nesto\AppData\Local\Microsoft\WindowsApps;C:\Users\nesto\go\bin;C:\Users\nesto\AppData\Local\Programs\Microsoft VS Code\bin;C:\Users\nesto\AppData\Roaming\npm;C:\Program Files\LLVM\bin

Yarn version: 
  1.22.19

Node version: 
  16.15.0

Platform: 
  win32 x64

Trace: 
  SyntaxError: D:\Respaldos del Sistema\Escritorio\jd\universidad\ProyectoApp\package.json: Unexpected token } in JSON at position 667
      at JSON.parse (<anonymous>)
      at C:\Users\nesto\AppData\Roaming\npm\node_modules\yarn\lib\cli.js:1629:59
      at Generator.next (<anonymous>)
      at step (C:\Users\nesto\AppData\Roaming\npm\node_modules\yarn\lib\cli.js:310:30)
      at C:\Users\nesto\AppData\Roaming\npm\node_modules\yarn\lib\cli.js:321:13

npm manifest: 
  {
    "name": "proyectoapp",
    "version": "1.0.0",
    "main": "node_modules/expo/AppEntry.js",
    "scripts": {
      "start": "expo start",
      "android": "expo start --android",
      "ios": "expo start --ios",
      "web": "expo start --web"
    },
    "dependencies": {
      "@expo-google-fonts/dev": "^0.2.2",
      "@react-navigation/native-stack": "^6.9.1",
      "expo": "~46.0.16",
      "expo-google-fonts": "^0.0.0",
      "expo-status-bar": "~1.4.0",
      "react": "18.0.0",
      "react-native": "0.69.6",
      "react-native-gesture-handler": "~2.5.0",
      "react-native-reanimated": "~2.9.1",
      "react-native-safe-area-context": "4.3.1",
      "react-native-screens": "~3.15.0",
    },
    "devDependencies": {
      "@babel/core": "^7.12.9",
      "@types/react": "~18.0.0",
      "@types/react-native": "~0.69.1",
      "typescript": "^4.6.3"
    },
    "private": true
  }

yarn manifest: 
  No manifest

Lockfile: 
  # THIS IS AN AUTOGENERATED FILE. DO NOT EDIT THIS FILE DIRECTLY.
  # yarn lockfile v1
